<?xml version="1.0" encoding="UTF-8"?>
<!-- Generated by org.testng.reporters.JUnitXMLReporter -->
<testsuite ignored="0" hostname="Savass-MacBook-Air.local" failures="1" tests="3" name="N11 Tests" time="40.895" errors="0" timestamp="2025-08-08T12:16:34 GMT+03:00">
  <testcase classname="io.cucumber.testng.AbstractTestNGCucumberTests" name="runScenario" time="5.685"/>
  <testcase classname="io.cucumber.testng.AbstractTestNGCucumberTests" name="runScenario" time="17.798"/>
  <testcase classname="io.cucumber.testng.AbstractTestNGCucumberTests" name="runScenario" time="17.336">
    <failure type="java.lang.AssertionError" message="Lists differ at element [2]: 3740 != 2231 expected [3740] but found [2231]">
      <![CDATA[java.lang.AssertionError: Lists differ at element [2]: 3740 != 2231 expected [3740] but found [2231]
at stepDefinitions.N11Steps.verifyFilterAndSortResult(N11Steps.java:86)
at ✽.User verifies the result is correct according to filter(file:///Users/savaskarakus/IdeaProjects/n11-web-automation/src/test/resources/features/n11.feature:24)
... Removed 5 stack frames]]>
    </failure>
  </testcase> <!-- runScenario -->
</testsuite> <!-- N11 Tests -->
