<?xml version="1.0" encoding="UTF-8"?>
<testsuite xmlns:xsi="http://www.w3.org/2001/XMLSchema-instance" xsi:noNamespaceSchemaLocation="https://maven.apache.org/surefire/maven-surefire-plugin/xsd/surefire-test-report-3.0.xsd" version="3.0" name="TestSuite" time="51.787" tests="3" errors="0" skipped="0" failures="1">
  <properties>
[...]
</properties>
  <testcase name="runScenario[&quot;Go to random store and then validate&quot;, &quot;N11 Store and Product Automation&quot;](1)" classname="runners.TestRunner" time="18.178">
    <failure message="expected [true] but found [false]" type="java.lang.AssertionError"><![CDATA[java.lang.AssertionError: expected [true] but found [false]
	at org.testng.Assert.fail(Assert.java:111)
	at org.testng.Assert.failNotEquals(Assert.java:1578)
	at org.testng.Assert.assertTrue(Assert.java:57)
	at org.testng.Assert.assertTrue(Assert.java:67)
	at stepDefinitions.N11Steps.verifyStorePageOpened(N11Steps.java:32)
	at ✽.User verifies the store page opens correctly(file:///Users/savaskarakus/IdeaProjects/n11-web-automation/src/test/resources/features/n11.feature:9)
]]></failure>
    <system-out><![CDATA[
Scenario: Go to random store and then validate      # src/test/resources/features/n11.feature:6
  Given User navigates to the N11 store page        # stepDefinitions.N11Steps.navigateToStorePage()
  When User filters stores starting with letter "S" # stepDefinitions.N11Steps.filterStores(java.lang.String)
Stores: 2296
  And User selects a random store                   # stepDefinitions.N11Steps.selectRandomStore()
  Then User verifies the store page opens correctly # stepDefinitions.N11Steps.verifyStorePageOpened()
      java.lang.AssertionError: expected [true] but found [false]
	at org.testng.Assert.fail(Assert.java:111)
	at org.testng.Assert.failNotEquals(Assert.java:1578)
	at org.testng.Assert.assertTrue(Assert.java:57)
	at org.testng.Assert.assertTrue(Assert.java:67)
	at stepDefinitions.N11Steps.verifyStorePageOpened(N11Steps.java:32)
	at ✽.User verifies the store page opens correctly(file:///Users/savaskarakus/IdeaProjects/n11-web-automation/src/test/resources/features/n11.feature:9)

]]></system-out>
    <system-err><![CDATA[SLF4J(W): No SLF4J providers were found.
SLF4J(W): Defaulting to no-operation (NOP) logger implementation
SLF4J(W): See https://www.slf4j.org/codes.html#noProviders for further details.
Aug 07, 2025 11:21:25 PM org.openqa.selenium.devtools.CdpVersionFinder findNearestMatch
WARNING: Unable to find CDP implementation matching 139
Aug 07, 2025 11:21:25 PM org.openqa.selenium.chromium.ChromiumDriver lambda$new$5
WARNING: Unable to find version of CDP to use for 139.0.7258.67. You may need to include a dependency on a specific version of the CDP using something similar to `org.seleniumhq.selenium:selenium-devtools-v86:4.21.0` where the version ("v86") matches the version of the chromium-based browser you're using and the version number of the artifact is the same as Selenium's.
]]></system-err>
  </testcase>
  <testcase name="runScenario[&quot;Search product, add to basket and validate&quot;, &quot;N11 Store and Product Automation&quot;](2)" classname="runners.TestRunner" time="16.405">
    <system-out><![CDATA[
Scenario: Search product, add to basket and validate                           # src/test/resources/features/n11.feature:11
  Given User navigates to the N11 store page                                   # stepDefinitions.N11Steps.navigateToStorePage()
  And User searches for "iPhone"                                               # stepDefinitions.N11Steps.searchKeyword(java.lang.String)
  Then User verifies the autocomplete searching result is correct for "iPhone" # stepDefinitions.N11Steps.verifyAutocompleteSearchResult(java.lang.String)
  And Press enter button                                                       # stepDefinitions.N11Steps.pressEnterButton()
  And Adds the first and last products on the first page to cart               # stepDefinitions.N11Steps.addToCart()
  Then User verifies the selected "iPhone" products added successfully to cart # stepDefinitions.N11Steps.verifyAddedProductOnCart(java.lang.String)
]]></system-out>
    <system-err><![CDATA[Aug 07, 2025 11:21:43 PM org.openqa.selenium.devtools.CdpVersionFinder findNearestMatch
WARNING: Unable to find CDP implementation matching 139
Aug 07, 2025 11:21:43 PM org.openqa.selenium.chromium.ChromiumDriver lambda$new$5
WARNING: Unable to find version of CDP to use for 139.0.7258.67. You may need to include a dependency on a specific version of the CDP using something similar to `org.seleniumhq.selenium:selenium-devtools-v86:4.21.0` where the version ("v86") matches the version of the chromium-based browser you're using and the version number of the artifact is the same as Selenium's.
]]></system-err>
  </testcase>
  <testcase name="runScenario[&quot;Search product, add to basket and validate&quot;, &quot;N11 Store and Product Automation&quot;](3)" classname="runners.TestRunner" time="16.915">
    <system-out><![CDATA[
Scenario: Search product, add to basket and validate           # src/test/resources/features/n11.feature:18
  Given User navigates to the N11 store page                   # stepDefinitions.N11Steps.navigateToStorePage()
  And User searches for "telefon"                              # stepDefinitions.N11Steps.searchKeyword(java.lang.String)
  And Press enter button                                       # stepDefinitions.N11Steps.pressEnterButton()
  And User filters by the "2" brand                            # stepDefinitions.N11Steps.filterByBrandOrder(java.lang.String)
  And Sorts results by number of "Yorum sayısı"                # stepDefinitions.N11Steps.sortProductBySelectedOption(java.lang.String)
  And Filters results to show only "Ücretsiz Kargo" products   # stepDefinitions.N11Steps.filterFreeShipping(java.lang.String)
  Then User verifies the result is correct according to filter # stepDefinitions.N11Steps.verifyFilterAndSortResult()
]]></system-out>
    <system-err><![CDATA[Aug 07, 2025 11:21:59 PM org.openqa.selenium.devtools.CdpVersionFinder findNearestMatch
WARNING: Unable to find CDP implementation matching 139
Aug 07, 2025 11:21:59 PM org.openqa.selenium.chromium.ChromiumDriver lambda$new$5
WARNING: Unable to find version of CDP to use for 139.0.7258.67. You may need to include a dependency on a specific version of the CDP using something similar to `org.seleniumhq.selenium:selenium-devtools-v86:4.21.0` where the version ("v86") matches the version of the chromium-based browser you're using and the version number of the artifact is the same as Selenium's.
]]></system-err>
  </testcase>
</testsuite>