<?xml version="1.0" encoding="UTF-8"?>
<!-- Generated by org.testng.reporters.JUnitReportReporter -->
<testsuite hostname="Savass-MacBook-Air.local" failures="1" tests="3" name="runners.TestRunner" time="40.819" errors="0" timestamp="2025-08-08T12:16:34 GMT+03:00" skipped="0">
  <testcase classname="runners.TestRunner" name="runScenario" time="17.798"/>
  <testcase classname="runners.TestRunner" name="runScenario" time="17.336">
    <failure message="Lists differ at element [2]: 3740 != 2231 expected [3740] but found [2231]" type="java.lang.AssertionError">
      <![CDATA[java.lang.AssertionError: Lists differ at element [2]: 3740 != 2231 expected [3740] but found [2231]
at org.testng.Assert.fail(Assert.java:111)
at org.testng.Assert.failNotEquals(Assert.java:1578)
at org.testng.Assert.assertEqualsImpl(Assert.java:150)
at org.testng.Assert.assertEquals(Assert.java:1644)
at org.testng.Assert.assertEquals(Assert.java:1606)
at stepDefinitions.N11Steps.verifyFilterAndSortResult(N11Steps.java:86)
at ✽.User verifies the result is correct according to filter(file:///Users/savaskarakus/IdeaProjects/n11-web-automation/src/test/resources/features/n11.feature:24)
]]>
    </failure>
  </testcase> <!-- runScenario -->
  <testcase classname="runners.TestRunner" name="runScenario" time="5.685"/>
</testsuite> <!-- runners.TestRunner -->
